<?xml version="1.0" encoding="UTF-8" ?>
<testsuite tests="1" failures="0" name="org.practice.child2.AppTest" time="0.001" errors="0" skipped="0">
  <properties>
    <property name="java.runtime.name" value="Java(TM) SE Runtime Environment"/>
    <property name="sun.boot.library.path" value="E:\Softwares\Java\jdk1.8.0_231\jre\bin"/>
    <property name="java.vm.version" value="25.231-b11"/>
    <property name="java.vm.vendor" value="Oracle Corporation"/>
    <property name="maven.multiModuleProjectDirectory" value="E:\Work Related\Eclipse_Workspaces\Maven_Practice\Project6\practice-parent"/>
    <property name="java.vendor.url" value="http://java.oracle.com/"/>
    <property name="path.separator" value=";"/>
    <property name="guice.disable.misplaced.annotation.check" value="true"/>
    <property name="java.vm.name" value="Java HotSpot(TM) Client VM"/>
    <property name="file.encoding.pkg" value="sun.io"/>
    <property name="user.script" value=""/>
    <property name="user.country" value="US"/>
    <property name="sun.java.launcher" value="SUN_STANDARD"/>
    <property name="sun.os.patch.level" value=""/>
    <property name="java.vm.specification.name" value="Java Virtual Machine Specification"/>
    <property name="user.dir" value="E:\Work Related\Eclipse_Workspaces\Maven_Practice\Project6\practice-parent"/>
    <property name="java.runtime.version" value="1.8.0_231-b11"/>
    <property name="java.awt.graphicsenv" value="sun.awt.Win32GraphicsEnvironment"/>
    <property name="java.endorsed.dirs" value="E:\Softwares\Java\jdk1.8.0_231\jre\lib\endorsed"/>
    <property name="os.arch" value="x86"/>
    <property name="java.io.tmpdir" value="C:\Users\Avinash\AppData\Local\Temp\"/>
    <property name="line.separator" value="
"/>
    <property name="java.vm.specification.vendor" value="Oracle Corporation"/>
    <property name="user.variant" value=""/>
    <property name="os.name" value="Windows 7"/>
    <property name="classworlds.conf" value="E:\Work Related\Softwares\apache-maven-3.6.3-bin\apache-maven-3.6.3\bin\..\bin\m2.conf"/>
    <property name="sun.jnu.encoding" value="Cp1252"/>
    <property name="java.library.path" value="E:\Softwares\Java\jdk1.8.0_231\bin;C:\Windows\Sun\Java\bin;C:\Windows\system32;C:\Windows;C:\Program Files\Common Files\Oracle\Java\javapath;C:\app\Avinash\product\11.2.0\dbhome_1\bin;E:\Softwares\Oracle_11_G\product\11.2.0\dbhome_1\bin;D:\oraclef\product\10.2.0\db_1\bin;D:\oracle\product\10.2.0\db_2\bin;D:\oracle\product\10.2.0\db_1\bin;C:\Windows\system32;C:\Windows;C:\Windows\System32\Wbem;C:\Windows\System32\WindowsPowerShell\v1.0\;C:\Program Files\Common Files\lenovo\easyplussdk\bin;E:\msql\bin;D:\hdl\model sim\ms\win32;D:\hdl\model\win32;E:\Work Related\Microsoft VS Code\bin;D:\hdl\model sim\ms\win32;D:\hdl\model\win32;E:\Work Related\Microsoft VS Code\bin;D:\hdl\model sim\ms\win32;D:\hdl\model\win32;E:\Work Related\Microsoft VS Code\bin;D:\hdl\model sim\ms\win32;D:\hdl\model\win32;E:\Work Related\Microsoft VS Code\bin;E:\Work Related\Softwares\apache-maven-3.6.3-bin\apache-maven-3.6.3\bin;E:\Work Related\Softwares\Git\cmd;E:\Softwares\Java\jdk1.8.0_231\bin;C:\ProgramData\chocolatey\bin;E:\Softwares\apache-tomcat-9.0.30\bin;D:\hdl\model sim\ms\win32;D:\hdl\model\win32;E:\Work Related\Microsoft VS Code\bin;."/>
    <property name="maven.conf" value="E:\Work Related\Softwares\apache-maven-3.6.3-bin\apache-maven-3.6.3\bin\../conf"/>
    <property name="java.specification.name" value="Java Platform API Specification"/>
    <property name="java.class.version" value="52.0"/>
    <property name="sun.management.compiler" value="HotSpot Client Compiler"/>
    <property name="os.version" value="6.1"/>
    <property name="library.jansi.path" value="E:\Work Related\Softwares\apache-maven-3.6.3-bin\apache-maven-3.6.3\bin\..\lib\jansi-native"/>
    <property name="user.home" value="C:\Users\Avinash"/>
    <property name="user.timezone" value="Asia/Calcutta"/>
    <property name="java.awt.printerjob" value="sun.awt.windows.WPrinterJob"/>
    <property name="java.specification.version" value="1.8"/>
    <property name="file.encoding" value="Cp1252"/>
    <property name="user.name" value="Avinash"/>
    <property name="java.class.path" value="E:\Work Related\Softwares\apache-maven-3.6.3-bin\apache-maven-3.6.3\bin\..\boot\plexus-classworlds-2.6.0.jar"/>
    <property name="java.vm.specification.version" value="1.8"/>
    <property name="sun.arch.data.model" value="32"/>
    <property name="java.home" value="E:\Softwares\Java\jdk1.8.0_231\jre"/>
    <property name="sun.java.command" value="org.codehaus.plexus.classworlds.launcher.Launcher install"/>
    <property name="java.specification.vendor" value="Oracle Corporation"/>
    <property name="user.language" value="en"/>
    <property name="awt.toolkit" value="sun.awt.windows.WToolkit"/>
    <property name="java.vm.info" value="mixed mode"/>
    <property name="java.version" value="1.8.0_231"/>
    <property name="java.ext.dirs" value="E:\Softwares\Java\jdk1.8.0_231\jre\lib\ext;C:\Windows\Sun\Java\lib\ext"/>
    <property name="sun.boot.class.path" value="E:\Softwares\Java\jdk1.8.0_231\jre\lib\resources.jar;E:\Softwares\Java\jdk1.8.0_231\jre\lib\rt.jar;E:\Softwares\Java\jdk1.8.0_231\jre\lib\sunrsasign.jar;E:\Softwares\Java\jdk1.8.0_231\jre\lib\jsse.jar;E:\Softwares\Java\jdk1.8.0_231\jre\lib\jce.jar;E:\Softwares\Java\jdk1.8.0_231\jre\lib\charsets.jar;E:\Softwares\Java\jdk1.8.0_231\jre\lib\jfr.jar;E:\Softwares\Java\jdk1.8.0_231\jre\classes"/>
    <property name="sun.stderr.encoding" value="cp437"/>
    <property name="java.vendor" value="Oracle Corporation"/>
    <property name="maven.home" value="E:\Work Related\Softwares\apache-maven-3.6.3-bin\apache-maven-3.6.3\bin\.."/>
    <property name="file.separator" value="\"/>
    <property name="java.vendor.url.bug" value="http://bugreport.sun.com/bugreport/"/>
    <property name="sun.cpu.endian" value="little"/>
    <property name="sun.io.unicode.encoding" value="UnicodeLittle"/>
    <property name="sun.stdout.encoding" value="cp437"/>
    <property name="sun.desktop" value="windows"/>
    <property name="sun.cpu.isalist" value="pentium_pro+mmx pentium_pro pentium+mmx pentium i486 i386 i86"/>
  </properties>
  <testcase classname="org.practice.child2.AppTest" name="testApp" time="0.001"/>
</testsuite>